<?xml version="1.0" encoding="UTF-8"?>
<!-- Generated by org.testng.reporters.JUnitReportReporter -->
<testsuite hostname="WIN106401" failures="0" tests="3" name="com.crmAutomation.testScripts.LoginTest" time="46.570" errors="0" timestamp="15 May 2019 15:38:40 GMT" skipped="0">
  <testcase classname="com.crmAutomation.testScripts.LoginTest" name="LoginToApplication" time="22.782"/>
  <testcase classname="com.crmAutomation.testScripts.LoginTest" name="verifyHomepageTitleTest" time="12.825"/>
  <testcase classname="com.crmAutomation.testScripts.LoginTest" name="validatecurrentUrlTest" time="10.963"/>
</testsuite> <!-- com.crmAutomation.testScripts.LoginTest -->
