<?xml version="1.0" encoding="UTF-8"?>
<!-- Generated by org.testng.reporters.JUnitReportReporter -->
<testsuite hostname="WIN106401" failures="0" tests="4" name="com.crmAutomation.testScripts.HomePageTest" time="73.285" errors="0" timestamp="15 May 2019 15:38:40 GMT" skipped="0">
  <testcase classname="com.crmAutomation.testScripts.HomePageTest" name="verifyLoggedInUserNameTest" time="16.556"/>
  <testcase classname="com.crmAutomation.testScripts.HomePageTest" name="verifyHomePageTitleTest" time="17.929"/>
  <testcase classname="com.crmAutomation.testScripts.HomePageTest" name="verifyclickOnContactsPgLinkTest" time="19.321"/>
  <testcase classname="com.crmAutomation.testScripts.HomePageTest" name="VerifylogOutOfApplication" time="19.479"/>
</testsuite> <!-- com.crmAutomation.testScripts.HomePageTest -->
