<?xml version="1.0" encoding="UTF-8"?>
<!-- Generated by org.testng.reporters.JUnitReportReporter -->
<testsuite hostname="OTEBEDIBA-LAP" failures="0" tests="9" name="com.crmAutomation.testScripts.smoketest.CompaniesPageTest" time="889.901" errors="0" timestamp="03 Mar 2019 22:06:24 GMT" skipped="0">
  <testcase classname="com.crmAutomation.testScripts.smoketest.CompaniesPageTest" name="validateCreateCreateCompanyTest" time="99.537"/>
  <testcase classname="com.crmAutomation.testScripts.smoketest.CompaniesPageTest" name="validateCreateCreateCompanyTest" time="106.444"/>
  <testcase classname="com.crmAutomation.testScripts.smoketest.CompaniesPageTest" name="validateCreateCreateCompanyTest" time="98.971"/>
  <testcase classname="com.crmAutomation.testScripts.smoketest.CompaniesPageTest" name="validateCreateCreateCompanyTest" time="105.137"/>
  <testcase classname="com.crmAutomation.testScripts.smoketest.CompaniesPageTest" name="validateCreateCreateCompanyTest" time="113.215"/>
  <testcase classname="com.crmAutomation.testScripts.smoketest.CompaniesPageTest" name="validateCreateCreateCompanyTest" time="100.049"/>
  <testcase classname="com.crmAutomation.testScripts.smoketest.CompaniesPageTest" name="validateCreateCreateCompanyTest" time="113.749"/>
  <testcase classname="com.crmAutomation.testScripts.smoketest.CompaniesPageTest" name="validateCreateCreateCompanyTest" time="97.962"/>
  <testcase classname="com.crmAutomation.testScripts.smoketest.CompaniesPageTest" name="SignOutAfterLoginTest" time="54.837"/>
</testsuite> <!-- com.crmAutomation.testScripts.smoketest.CompaniesPageTest -->
