<?xml version="1.0" encoding="UTF-8"?>
<!-- Generated by org.testng.reporters.JUnitReportReporter -->
<testsuite hostname="OTEBEDIBA-LAP" failures="0" tests="3" name="com.crmAutomation.testScripts.ContactsPgTest2" time="123.700" errors="0" timestamp="03 Apr 2019 16:19:55 GMT" skipped="0">
  <testcase classname="com.crmAutomation.testScripts.ContactsPgTest2" name="validateCreateNewContactTest" time="41.532"/>
  <testcase classname="com.crmAutomation.testScripts.ContactsPgTest2" name="validateCreateNewContactTest" time="39.952"/>
  <testcase classname="com.crmAutomation.testScripts.ContactsPgTest2" name="validateCreateNewContactTest" time="42.216"/>
</testsuite> <!-- com.crmAutomation.testScripts.ContactsPgTest2 -->
