<?xml version="1.0" encoding="UTF-8"?>
<!-- Generated by org.testng.reporters.JUnitReportReporter -->
<testsuite hostname="WIN10-PR1" failures="0" tests="8" name="com.crmAutomation.testScripts.TemplateTest" time="0.000" errors="0" timestamp="23 Feb 2019 17:26:21 GMT" skipped="8">
  <testcase classname="com.crmAutomation.testScripts.TemplateTest" name="u" time="0.000">
    <skipped/>
  </testcase> <!-- u -->
  <testcase classname="com.crmAutomation.testScripts.TemplateTest" name="d" time="0.000">
    <skipped/>
  </testcase> <!-- d -->
  <testcase classname="com.crmAutomation.testScripts.TemplateTest" name="v" time="0.000">
    <skipped/>
  </testcase> <!-- v -->
  <testcase classname="com.crmAutomation.testScripts.TemplateTest" name="c" time="0.000">
    <skipped/>
  </testcase> <!-- c -->
  <testcase classname="com.crmAutomation.testScripts.TemplateTest" name="f" time="0.000">
    <skipped/>
  </testcase> <!-- f -->
  <testcase classname="com.crmAutomation.testScripts.TemplateTest" name="b" time="0.000">
    <skipped/>
  </testcase> <!-- b -->
  <testcase classname="com.crmAutomation.testScripts.TemplateTest" name="a" time="0.000">
    <skipped/>
  </testcase> <!-- a -->
  <testcase classname="com.crmAutomation.testScripts.TemplateTest" name="t" time="0.000">
    <skipped/>
  </testcase> <!-- t -->
</testsuite> <!-- com.crmAutomation.testScripts.TemplateTest -->
