<?xml version="1.0" encoding="UTF-8"?>
<!-- Generated by org.testng.reporters.JUnitReportReporter -->
<testsuite hostname="WIN10-PR1" failures="0" tests="2" name="com.crmAutomation.testScripts.ContactsPageTest" time="79.061" errors="0" timestamp="21 Feb 2019 01:27:45 GMT" skipped="0">
  <testcase classname="com.crmAutomation.testScripts.ContactsPageTest" name="VerifyContactsLableTest" time="44.335"/>
  <testcase classname="com.crmAutomation.testScripts.ContactsPageTest" name="validateCreateNewContactTest" time="34.726"/>
</testsuite> <!-- com.crmAutomation.testScripts.ContactsPageTest -->
