<?xml version="1.0" encoding="UTF-8"?>
<!-- Generated by org.testng.reporters.JUnitReportReporter -->
<testsuite hostname="WIN106401" failures="0" tests="4" name="com.crmAutomation.testScripts.CompaniesPageTest" time="276.619" errors="0" timestamp="22 May 2019 09:37:34 GMT" skipped="0">
  <testcase classname="com.crmAutomation.testScripts.CompaniesPageTest" name="validateCreateCreateCompanyTest" time="64.671"/>
  <testcase classname="com.crmAutomation.testScripts.CompaniesPageTest" name="validateCreateCreateCompanyTest" time="72.987"/>
  <testcase classname="com.crmAutomation.testScripts.CompaniesPageTest" name="validateCreateCreateCompanyTest" time="67.351"/>
  <testcase classname="com.crmAutomation.testScripts.CompaniesPageTest" name="validateCreateCreateCompanyTest" time="71.610"/>
</testsuite> <!-- com.crmAutomation.testScripts.CompaniesPageTest -->
