<?xml version="1.0" encoding="UTF-8"?>
<!-- Generated by org.testng.reporters.JUnitReportReporter -->
<testsuite hostname="WIN106401" failures="0" tests="2" name="com.crmAutomation.testScripts.ValidSignUpPageTest" time="50.833" errors="0" timestamp="22 May 2019 07:52:39 GMT" skipped="0">
  <testcase classname="com.crmAutomation.testScripts.ValidSignUpPageTest" name="VerifySignUpPageURL" time="20.904"/>
  <testcase classname="com.crmAutomation.testScripts.ValidSignUpPageTest" name="validateSignUpTest" time="29.929"/>
</testsuite> <!-- com.crmAutomation.testScripts.ValidSignUpPageTest -->
