<?xml version="1.0" encoding="UTF-8"?>
<!-- Generated by org.testng.reporters.JUnitReportReporter -->
<testsuite hostname="OTEBEDIBA-LAP" failures="0" tests="2" name="com.crmAutomation.testScripts.ValidateSignUpErrors" time="51.128" errors="0" timestamp="04 Apr 2019 23:02:11 GMT" skipped="0">
  <testcase classname="com.crmAutomation.testScripts.ValidateSignUpErrors" name="signUpWithoutChosingFirstName" time="26.762"/>
  <testcase classname="com.crmAutomation.testScripts.ValidateSignUpErrors" name="signUpWithoutChosingCRMEdition" time="24.366"/>
</testsuite> <!-- com.crmAutomation.testScripts.ValidateSignUpErrors -->
