<?xml version="1.0" encoding="UTF-8"?>
<!-- Generated by org.testng.reporters.JUnitReportReporter -->
<testsuite hostname="OTEBEDIBA-LAP" failures="0" tests="3" name="com.crmAutomation.testScripts.smoketest.LoginTest" time="95.188" errors="0" timestamp="03 Mar 2019 21:44:15 GMT" skipped="0">
  <testcase classname="com.crmAutomation.testScripts.smoketest.LoginTest" name="LoginToApplication" time="55.059"/>
  <testcase classname="com.crmAutomation.testScripts.smoketest.LoginTest" name="verifyHomepageTitleTest" time="18.726"/>
  <testcase classname="com.crmAutomation.testScripts.smoketest.LoginTest" name="validatecurrentUrlTest" time="21.403"/>
</testsuite> <!-- com.crmAutomation.testScripts.smoketest.LoginTest -->
