<?xml version="1.0" encoding="UTF-8"?>
<!-- Generated by org.testng.reporters.JUnitReportReporter -->
<testsuite hostname="WIN106401" failures="0" tests="3" name="com.crmAutomation.testScripts.ContactsPgTest" time="74.005" errors="0" timestamp="15 May 2019 15:38:40 GMT" skipped="0">
  <testcase classname="com.crmAutomation.testScripts.ContactsPgTest" name="validateCreateNewContactTest" time="25.590"/>
  <testcase classname="com.crmAutomation.testScripts.ContactsPgTest" name="validateCreateNewContactTest" time="23.995"/>
  <testcase classname="com.crmAutomation.testScripts.ContactsPgTest" name="validateCreateNewContactTest" time="24.420"/>
</testsuite> <!-- com.crmAutomation.testScripts.ContactsPgTest -->
