<?xml version="1.0" encoding="UTF-8"?>
<!-- Generated by org.testng.reporters.JUnitReportReporter -->
<testsuite hostname="WIN106401" failures="0" tests="15" name="com.crmAutomation.testScripts.InValidSignUpCredentials" time="375.917" errors="0" timestamp="15 May 2019 15:38:40 GMT" skipped="0">
  <testcase classname="com.crmAutomation.testScripts.InValidSignUpCredentials" name="signUpWithINvalidCredentialsTest" time="23.046"/>
  <testcase classname="com.crmAutomation.testScripts.InValidSignUpCredentials" name="signUpWithINvalidCredentialsTest" time="25.897"/>
  <testcase classname="com.crmAutomation.testScripts.InValidSignUpCredentials" name="signUpWithINvalidCredentialsTest" time="24.053"/>
  <testcase classname="com.crmAutomation.testScripts.InValidSignUpCredentials" name="signUpWithINvalidCredentialsTest" time="26.505"/>
  <testcase classname="com.crmAutomation.testScripts.InValidSignUpCredentials" name="signUpWithINvalidCredentialsTest" time="25.225"/>
  <testcase classname="com.crmAutomation.testScripts.InValidSignUpCredentials" name="signUpWithINvalidCredentialsTest" time="24.856"/>
  <testcase classname="com.crmAutomation.testScripts.InValidSignUpCredentials" name="signUpWithINvalidCredentialsTest" time="25.189"/>
  <testcase classname="com.crmAutomation.testScripts.InValidSignUpCredentials" name="signUpWithINvalidCredentialsTest" time="24.979"/>
  <testcase classname="com.crmAutomation.testScripts.InValidSignUpCredentials" name="signUpWithINvalidCredentialsTest" time="25.236"/>
  <testcase classname="com.crmAutomation.testScripts.InValidSignUpCredentials" name="signUpWithINvalidCredentialsTest" time="25.607"/>
  <testcase classname="com.crmAutomation.testScripts.InValidSignUpCredentials" name="signUpWithINvalidCredentialsTest" time="26.381"/>
  <testcase classname="com.crmAutomation.testScripts.InValidSignUpCredentials" name="signUpWithINvalidCredentialsTest" time="26.885"/>
  <testcase classname="com.crmAutomation.testScripts.InValidSignUpCredentials" name="signUpWithINvalidCredentialsTest" time="24.537"/>
  <testcase classname="com.crmAutomation.testScripts.InValidSignUpCredentials" name="InvalidSignupContinuation" time="23.481"/>
  <testcase classname="com.crmAutomation.testScripts.InValidSignUpCredentials" name="InvalidSignupContinuation" time="24.040"/>
</testsuite> <!-- com.crmAutomation.testScripts.InValidSignUpCredentials -->
